#
# A fatal error has been detected by the Java Runtime Environment:
#
#  Internal Error (vmThread.cpp:386), pid=1084, tid=10392
#  fatal error: Unexpected nested VM operation CollectForMetadataAllocation requested by operation ChangeBreakpoints
#
# JRE version: OpenJDK Runtime Environment (16.0.1+9) (build 16.0.1+9-24)
# Java VM: OpenJDK 64-Bit Server VM (16.0.1+9-24, mixed mode, tiered, compressed oops, compressed class ptrs, g1 gc, windows-amd64)
# No core dump will be written. Minidumps are not enabled by default on client versions of Windows
#
# If you would like to submit a bug report, please visit:
#   https://bugreport.java.com/bugreport/crash.jsp
#

---------------  S U M M A R Y ------------

Command Line: -XX:+ShowCodeDetailsInExceptionMessages -agentlib:jdwp=transport=dt_socket,suspend=y,address=localhost:59740 -javaagent:D:\eclipse-jee-2021-06-R-win32-x86_64\eclipse\configuration\org.eclipse.osgi\415\0\.cp\lib\javaagent-shaded.jar -Dfile.encoding=UTF-8 com.example.demo.DemoApplication

Host: Intel(R) Core(TM) i3-5005U CPU @ 2.00GHz, 4 cores, 3G,  Windows 10 , 64 bit Build 19041 (10.0.19041.2251)
Time: Thu Nov 17 14:29:38 2022 India Standard Time elapsed time: 32.244747 seconds (0d 0h 0m 32s)

---------------  T H R E A D  ---------------

Current thread (0x000001f5f423df70):  VMThread "VM Thread" [stack: 0x000000603e800000,0x000000603e900000] [id=10392]

Stack: [0x000000603e800000,0x000000603e900000]
Native frames: (J=compiled Java code, j=interpreted, Vv=VM code, C=native code)
V  [jvm.dll+0x6687ca]
V  [jvm.dll+0x7ca3c9]
V  [jvm.dll+0x7cbb53]
V  [jvm.dll+0x7cc167]
V  [jvm.dll+0x242c03]
V  [jvm.dll+0x7d16ce]
V  [jvm.dll+0x7d14cd]
V  [jvm.dll+0x211c67]
V  [jvm.dll+0x60ed79]
V  [jvm.dll+0x6200a2]
V  [jvm.dll+0x619666]
V  [jvm.dll+0x1c286c]
V  [jvm.dll+0x61e929]
V  [jvm.dll+0x5210cb]
V  [jvm.dll+0x520a5d]
V  [jvm.dll+0x7d05eb]
V  [jvm.dll+0x7d12e4]
V  [jvm.dll+0x7d17e9]
V  [jvm.dll+0x7d1aa4]
V  [jvm.dll+0x7d1b70]
V  [jvm.dll+0x779b4a]
V  [jvm.dll+0x667666]
C  [ucrtbase.dll+0x21bb2]
C  [KERNEL32.DLL+0x174b4]
C  [ntdll.dll+0x526a1]

VM_Operation (0x000000603f3ff2c0): ChangeBreakpoints, mode: safepoint, requested by thread 0x000001f5f4ee9b50


---------------  P R O C E S S  ---------------

Threads class SMR info:
_java_thread_list=0x000001f5f70a7000, length=21, elements={
0x000001f5dd2b5420, 0x000001f5f4252250, 0x000001f5f4253110, 0x000001f5f4287280,
0x000001f5f4289fb0, 0x000001f5f428b9c0, 0x000001f5f42978d0, 0x000001f5f4298600,
0x000001f5f429b050, 0x000001f5f429de90, 0x000001f5f4cafe70, 0x000001f5f4ee9b50,
0x000001f5f4efccb0, 0x000001f5f4f21030, 0x000001f5f4f39af0, 0x000001f5fbd82f70,
0x000001f5f7575230, 0x000001f5f58e31c0, 0x000001f5f9c9a110, 0x000001f5f7135ed0,
0x000001f5f7138950
}

Java Threads: ( => current thread )
  0x000001f5dd2b5420 JavaThread "main" [_thread_blocked, id=7812, stack(0x000000603e200000,0x000000603e300000)]
  0x000001f5f4252250 JavaThread "Reference Handler" daemon [_thread_blocked, id=7020, stack(0x000000603e900000,0x000000603ea00000)]
  0x000001f5f4253110 JavaThread "Finalizer" daemon [_thread_blocked, id=8768, stack(0x000000603ea00000,0x000000603eb00000)]
  0x000001f5f4287280 JavaThread "Signal Dispatcher" daemon [_thread_blocked, id=1472, stack(0x000000603eb00000,0x000000603ec00000)]
  0x000001f5f4289fb0 JavaThread "Attach Listener" daemon [_thread_blocked, id=5688, stack(0x000000603ec00000,0x000000603ed00000)]
  0x000001f5f428b9c0 JavaThread "Service Thread" daemon [_thread_blocked, id=7488, stack(0x000000603ed00000,0x000000603ee00000)]
  0x000001f5f42978d0 JavaThread "Monitor Deflation Thread" daemon [_thread_blocked, id=9672, stack(0x000000603ee00000,0x000000603ef00000)]
  0x000001f5f4298600 JavaThread "C2 CompilerThread0" daemon [_thread_blocked, id=11580, stack(0x000000603ef00000,0x000000603f000000)]
  0x000001f5f429b050 JavaThread "C1 CompilerThread0" daemon [_thread_blocked, id=11756, stack(0x000000603f000000,0x000000603f100000)]
  0x000001f5f429de90 JavaThread "Sweeper thread" daemon [_thread_blocked, id=2148, stack(0x000000603f100000,0x000000603f200000)]
  0x000001f5f4cafe70 JavaThread "Common-Cleaner" daemon [_thread_blocked, id=5220, stack(0x000000603f200000,0x000000603f300000)]
  0x000001f5f4ee9b50 JavaThread "JDWP Transport Listener: dt_socket" daemon [_thread_blocked, id=6328, stack(0x000000603f300000,0x000000603f400000)]
  0x000001f5f4efccb0 JavaThread "JDWP Event Helper Thread" daemon [_thread_blocked, id=388, stack(0x000000603f400000,0x000000603f500000)]
  0x000001f5f4f21030 JavaThread "JDWP Command Reader" daemon [_thread_in_native, id=10488, stack(0x000000603f500000,0x000000603f600000)]
  0x000001f5f4f39af0 JavaThread "Notification Thread" daemon [_thread_blocked, id=6652, stack(0x000000603f700000,0x000000603f800000)]
  0x000001f5fbd82f70 JavaThread "Catalina-utility-1" [_thread_blocked, id=7284, stack(0x000000603fc00000,0x000000603fd00000)]
  0x000001f5f7575230 JavaThread "Catalina-utility-2" [_thread_blocked, id=68, stack(0x000000603fd00000,0x000000603fe00000)]
  0x000001f5f58e31c0 JavaThread "container-0" [_thread_blocked, id=9580, stack(0x000000603fe00000,0x000000603ff00000)]
  0x000001f5f9c9a110 JavaThread "mysql-cj-abandoned-connection-cleanup" daemon [_thread_blocked, id=6292, stack(0x000000603ff00000,0x0000006040000000)]
  0x000001f5f7135ed0 JavaThread "HikariPool-1 housekeeper" daemon [_thread_blocked, id=9816, stack(0x0000006040000000,0x0000006040100000)]
  0x000001f5f7138950 JavaThread "HikariPool-1 connection adder" daemon [_thread_blocked, id=10376, stack(0x0000006040100000,0x0000006040200000)]

Other Threads:
=>0x000001f5f423df70 VMThread "VM Thread" [stack: 0x000000603e800000,0x000000603e900000] [id=10392]
  0x000001f5f4f39270 WatcherThread [stack: 0x000000603f800000,0x000000603f900000] [id=6552]
  0x000001f5dd2e5600 GCTaskThread "GC Thread#0" [stack: 0x000000603e300000,0x000000603e400000] [id=7780]
  0x000001f5f565ce90 GCTaskThread "GC Thread#1" [stack: 0x000000603f900000,0x000000603fa00000] [id=9560]
  0x000001f5f578bc90 GCTaskThread "GC Thread#2" [stack: 0x000000603fa00000,0x000000603fb00000] [id=11344]
  0x000001f5f576b9e0 GCTaskThread "GC Thread#3" [stack: 0x000000603fb00000,0x000000603fc00000] [id=7984]
  0x000001f5dd2eeca0 ConcurrentGCThread "G1 Main Marker" [stack: 0x000000603e400000,0x000000603e500000] [id=9964]
  0x000001f5dd2ef790 ConcurrentGCThread "G1 Conc#0" [stack: 0x000000603e500000,0x000000603e600000] [id=7964]
  0x000001f5dd343450 ConcurrentGCThread "G1 Refine#0" [stack: 0x000000603e600000,0x000000603e700000] [id=8004]
  0x000001f5dd343ed0 ConcurrentGCThread "G1 Service" [stack: 0x000000603e700000,0x000000603e800000] [id=5532]

Threads with active compile tasks:
C2 CompilerThread0    32905 4633       4       org.eclipse.jdt.launching.internal.org.objectweb.asm.ClassReader::accept (1404 bytes)

VM state: at safepoint (normal execution)

VM Mutex/Monitor currently owned by a thread:  ([mutex/lock_event])
[0x000001f5dd2b0f60] Threads_lock - owner thread: 0x000001f5f423df70

Heap address: 0x00000000c1200000, size: 1006 MB, Compressed Oops mode: 32-bit

CDS disabled.
Compressed class space mapped at: 0x0000000100000000-0x0000000140000000, reserved size: 1073741824
Narrow klass base: 0x0000000000000000, Narrow klass shift: 3, Narrow klass range: 0x140000000

GC Precious Log:
 CPUs: 4 total, 4 available
 Memory: 4016M
 Large Page Support: Disabled
 NUMA Support: Disabled
 Compressed Oops: Enabled (32-bit)
 Heap Region Size: 1M
 Heap Min Capacity: 8M
 Heap Initial Capacity: 64M
 Heap Max Capacity: 1006M
 Pre-touch: Disabled
 Parallel Workers: 4
 Concurrent Workers: 1
 Concurrent Refinement Workers: 4
 Periodic GC: Disabled

Heap:
 garbage-first heap   total 55296K, used 24735K [0x00000000c1200000, 0x0000000100000000)
  region size 1024K, 7 young (7168K), 2 survivors (2048K)
 Metaspace       used 59223K, committed 59520K, reserved 1105920K
  class space    used 7321K, committed 7488K, reserved 1048576K

Heap Regions: E=young(eden), S=young(survivor), O=old, HS=humongous(starts), HC=humongous(continues), CS=collection set, F=free, OA=open archive, CA=closed archive, TAMS=top-at-mark-start (previous, next)
|   0|0x00000000c1200000, 0x00000000c1300000, 0x00000000c1300000|100%|HS|  |TAMS 0x00000000c1300000, 0x00000000c1200000| Complete 
|   1|0x00000000c1300000, 0x00000000c1400000, 0x00000000c1400000|100%| O|  |TAMS 0x00000000c1400000, 0x00000000c1300000| Untracked 
|   2|0x00000000c1400000, 0x00000000c1500000, 0x00000000c1500000|100%| O|  |TAMS 0x00000000c1500000, 0x00000000c1400000| Untracked 
|   3|0x00000000c1500000, 0x00000000c1600000, 0x00000000c1600000|100%| O|  |TAMS 0x00000000c1600000, 0x00000000c1500000| Untracked 
|   4|0x00000000c1600000, 0x00000000c1700000, 0x00000000c1700000|100%| O|  |TAMS 0x00000000c1700000, 0x00000000c1600000| Untracked 
|   5|0x00000000c1700000, 0x00000000c1800000, 0x00000000c1800000|100%| O|  |TAMS 0x00000000c1800000, 0x00000000c1700000| Untracked 
|   6|0x00000000c1800000, 0x00000000c18b5800, 0x00000000c1900000| 70%| O|  |TAMS 0x00000000c18b5800, 0x00000000c1800000| Untracked 
|   7|0x00000000c1900000, 0x00000000c1a00000, 0x00000000c1a00000|100%| O|  |TAMS 0x00000000c1a00000, 0x00000000c1900000| Untracked 
|   8|0x00000000c1a00000, 0x00000000c1b00000, 0x00000000c1b00000|100%| O|  |TAMS 0x00000000c1b00000, 0x00000000c1a00000| Untracked 
|   9|0x00000000c1b00000, 0x00000000c1c00000, 0x00000000c1c00000|100%| O|  |TAMS 0x00000000c1c00000, 0x00000000c1b00000| Untracked 
|  10|0x00000000c1c00000, 0x00000000c1d00000, 0x00000000c1d00000|100%| O|  |TAMS 0x00000000c1d00000, 0x00000000c1c00000| Untracked 
|  11|0x00000000c1d00000, 0x00000000c1d86800, 0x00000000c1e00000| 52%| O|  |TAMS 0x00000000c1d86800, 0x00000000c1d00000| Untracked 
|  12|0x00000000c1e00000, 0x00000000c1f00000, 0x00000000c1f00000|100%| O|  |TAMS 0x00000000c1e00000, 0x00000000c1e00000| Untracked 
|  13|0x00000000c1f00000, 0x00000000c2000000, 0x00000000c2000000|100%| O|  |TAMS 0x00000000c1f00000, 0x00000000c1f00000| Untracked 
|  14|0x00000000c2000000, 0x00000000c2100000, 0x00000000c2100000|100%| O|  |TAMS 0x00000000c2000000, 0x00000000c2000000| Untracked 
|  15|0x00000000c2100000, 0x00000000c2200000, 0x00000000c2200000|100%| O|  |TAMS 0x00000000c2100000, 0x00000000c2100000| Untracked 
|  16|0x00000000c2200000, 0x00000000c2300000, 0x00000000c2300000|100%| O|  |TAMS 0x00000000c2200000, 0x00000000c2200000| Untracked 
|  17|0x00000000c2300000, 0x00000000c2400000, 0x00000000c2400000|100%| O|  |TAMS 0x00000000c2300000, 0x00000000c2300000| Untracked 
|  18|0x00000000c2400000, 0x00000000c24eee00, 0x00000000c2500000| 93%| O|  |TAMS 0x00000000c2400000, 0x00000000c2400000| Untracked 
|  19|0x00000000c2500000, 0x00000000c2500000, 0x00000000c2600000|  0%| F|  |TAMS 0x00000000c2500000, 0x00000000c2500000| Untracked 
|  20|0x00000000c2600000, 0x00000000c2600000, 0x00000000c2700000|  0%| F|  |TAMS 0x00000000c2600000, 0x00000000c2600000| Untracked 
|  21|0x00000000c2700000, 0x00000000c2700000, 0x00000000c2800000|  0%| F|  |TAMS 0x00000000c2700000, 0x00000000c2700000| Untracked 
|  22|0x00000000c2800000, 0x00000000c2800000, 0x00000000c2900000|  0%| F|  |TAMS 0x00000000c2800000, 0x00000000c2800000| Untracked 
|  23|0x00000000c2900000, 0x00000000c2900000, 0x00000000c2a00000|  0%| F|  |TAMS 0x00000000c2900000, 0x00000000c2900000| Untracked 
|  24|0x00000000c2a00000, 0x00000000c2a00000, 0x00000000c2b00000|  0%| F|  |TAMS 0x00000000c2a00000, 0x00000000c2a00000| Untracked 
|  25|0x00000000c2b00000, 0x00000000c2b00000, 0x00000000c2c00000|  0%| F|  |TAMS 0x00000000c2b00000, 0x00000000c2b00000| Untracked 
|  26|0x00000000c2c00000, 0x00000000c2c00000, 0x00000000c2d00000|  0%| F|  |TAMS 0x00000000c2c00000, 0x00000000c2c00000| Untracked 
|  27|0x00000000c2d00000, 0x00000000c2d00000, 0x00000000c2e00000|  0%| F|  |TAMS 0x00000000c2d00000, 0x00000000c2d00000| Untracked 
|  28|0x00000000c2e00000, 0x00000000c2efd1d0, 0x00000000c2f00000| 98%| S|CS|TAMS 0x00000000c2e00000, 0x00000000c2e00000| Complete 
|  29|0x00000000c2f00000, 0x00000000c3000000, 0x00000000c3000000|100%| S|CS|TAMS 0x00000000c2f00000, 0x00000000c2f00000| Complete 
|  30|0x00000000c3000000, 0x00000000c3000000, 0x00000000c3100000|  0%| F|  |TAMS 0x00000000c3000000, 0x00000000c3000000| Untracked 
|  31|0x00000000c3100000, 0x00000000c3100000, 0x00000000c3200000|  0%| F|  |TAMS 0x00000000c3100000, 0x00000000c3100000| Untracked 
|  32|0x00000000c3200000, 0x00000000c3200000, 0x00000000c3300000|  0%| F|  |TAMS 0x00000000c3200000, 0x00000000c3200000| Untracked 
|  33|0x00000000c3300000, 0x00000000c3300000, 0x00000000c3400000|  0%| F|  |TAMS 0x00000000c3300000, 0x00000000c3300000| Untracked 
|  34|0x00000000c3400000, 0x00000000c3400000, 0x00000000c3500000|  0%| F|  |TAMS 0x00000000c3400000, 0x00000000c3400000| Untracked 
|  35|0x00000000c3500000, 0x00000000c3500000, 0x00000000c3600000|  0%| F|  |TAMS 0x00000000c3500000, 0x00000000c3500000| Untracked 
|  36|0x00000000c3600000, 0x00000000c3600000, 0x00000000c3700000|  0%| F|  |TAMS 0x00000000c3600000, 0x00000000c3600000| Untracked 
|  37|0x00000000c3700000, 0x00000000c3700000, 0x00000000c3800000|  0%| F|  |TAMS 0x00000000c3700000, 0x00000000c3700000| Untracked 
|  38|0x00000000c3800000, 0x00000000c3800000, 0x00000000c3900000|  0%| F|  |TAMS 0x00000000c3800000, 0x00000000c3800000| Untracked 
|  39|0x00000000c3900000, 0x00000000c3900000, 0x00000000c3a00000|  0%| F|  |TAMS 0x00000000c3900000, 0x00000000c3900000| Untracked 
|  40|0x00000000c3a00000, 0x00000000c3a00000, 0x00000000c3b00000|  0%| F|  |TAMS 0x00000000c3a00000, 0x00000000c3a00000| Untracked 
|  41|0x00000000c3b00000, 0x00000000c3b00000, 0x00000000c3c00000|  0%| F|  |TAMS 0x00000000c3b00000, 0x00000000c3b00000| Untracked 
|  42|0x00000000c3c00000, 0x00000000c3c00000, 0x00000000c3d00000|  0%| F|  |TAMS 0x00000000c3c00000, 0x00000000c3c00000| Untracked 
|  43|0x00000000c3d00000, 0x00000000c3d00000, 0x00000000c3e00000|  0%| F|  |TAMS 0x00000000c3d00000, 0x00000000c3d00000| Untracked 
|  44|0x00000000c3e00000, 0x00000000c3e00000, 0x00000000c3f00000|  0%| F|  |TAMS 0x00000000c3e00000, 0x00000000c3e00000| Untracked 
|  45|0x00000000c3f00000, 0x00000000c3f00000, 0x00000000c4000000|  0%| F|  |TAMS 0x00000000c3f00000, 0x00000000c3f00000| Untracked 
|  46|0x00000000c4000000, 0x00000000c4000000, 0x00000000c4100000|  0%| F|  |TAMS 0x00000000c4000000, 0x00000000c4000000| Untracked 
|  47|0x00000000c4100000, 0x00000000c4100000, 0x00000000c4200000|  0%| F|  |TAMS 0x00000000c4100000, 0x00000000c4100000| Untracked 
|  48|0x00000000c4200000, 0x00000000c4200000, 0x00000000c4300000|  0%| F|  |TAMS 0x00000000c4200000, 0x00000000c4200000| Untracked 
|  49|0x00000000c4300000, 0x00000000c43e1e48, 0x00000000c4400000| 88%| E|  |TAMS 0x00000000c4300000, 0x00000000c4300000| Complete 
|  77|0x00000000c5f00000, 0x00000000c6000000, 0x00000000c6000000|100%| E|CS|TAMS 0x00000000c5f00000, 0x00000000c5f00000| Complete 
|  78|0x00000000c6000000, 0x00000000c6100000, 0x00000000c6100000|100%| E|CS|TAMS 0x00000000c6000000, 0x00000000c6000000| Complete 
|  79|0x00000000c6100000, 0x00000000c6200000, 0x00000000c6200000|100%| E|CS|TAMS 0x00000000c6100000, 0x00000000c6100000| Complete 
|  83|0x00000000c6500000, 0x00000000c6600000, 0x00000000c6600000|100%| E|CS|TAMS 0x00000000c6500000, 0x00000000c6500000| Complete 

Card table byte_map: [0x000001f5efa20000,0x000001f5efc20000] _byte_map_base: 0x000001f5ef417000

Marking Bits (Prev, Next): (CMBitMap*) 0x000001f5dd2e5cf0, (CMBitMap*) 0x000001f5dd2e5d30
 Prev Bits: [0x000001f5efe20000, 0x000001f5f0dd8000)
 Next Bits: [0x000001f5f0de0000, 0x000001f5f1d98000)

Polling page: 0x000001f5db130000

Metaspace:

Usage:
  Non-class:     50.68 MB used.
      Class:      7.15 MB used.
       Both:     57.84 MB used.

Virtual space:
  Non-class space:       56.00 MB reserved,      50.81 MB ( 91%) committed,  7 nodes.
      Class space:        1.00 GB reserved,       7.31 MB ( <1%) committed,  1 nodes.
              Both:        1.05 GB reserved,      58.12 MB (  5%) committed. 

Chunk freelists:
   Non-Class:  448.00 KB
       Class:  688.00 KB
        Both:  1.11 MB

MaxMetaspaceSize: 17179869184.00 GB
CompressedClassSpaceSize: 1.00 GB
 - commit_granule_bytes: 65536.
 - commit_granule_words: 8192.
 - virtual_space_node_default_size: 1048576.
 - enlarge_chunks_in_place: 1.
 - new_chunks_are_fully_committed: 0.
 - uncommit_free_chunks: 1.
 - use_allocation_guard: 0.
 - handle_deallocations: 1.


Internal statistics:

num_allocs_failed_limit: 8.
num_arena_births: 368.
num_arena_deaths: 0.
num_vsnodes_births: 8.
num_vsnodes_deaths: 0.
num_space_committed: 930.
num_space_uncommitted: 0.
num_chunks_returned_to_freelist: 8.
num_chunks_taken_from_freelist: 2073.
num_chunk_merges: 8.
num_chunk_splits: 1451.
num_chunks_enlarged: 1158.
num_purges: 0.

CodeHeap 'non-profiled nmethods': size=120000Kb used=2543Kb max_used=2787Kb free=117456Kb
 bounds [0x000001f5e82f0000, 0x000001f5e85d0000, 0x000001f5ef820000]
CodeHeap 'profiled nmethods': size=120000Kb used=8253Kb max_used=8615Kb free=111746Kb
 bounds [0x000001f5e0dc0000, 0x000001f5e1630000, 0x000001f5e82f0000]
CodeHeap 'non-nmethods': size=5760Kb used=1371Kb max_used=1433Kb free=4388Kb
 bounds [0x000001f5e0820000, 0x000001f5e0a90000, 0x000001f5e0dc0000]
 total_blobs=4628 nmethods=4017 adapters=522
 compilation: enabled
              stopped_count=0, restarted_count=0
 full_count=0

Compilation events (20 events):
Event: 31.972 Thread 0x000001f5f429b050 4687       2       java.text.MessageFormat::subformat (542 bytes)
Event: 31.976 Thread 0x000001f5f429b050 nmethod 4687 0x000001f5e0e11b90 code [0x000001f5e0e120a0, 0x000001f5e0e147a8]
Event: 32.037 Thread 0x000001f5f429b050 4689       2       com.mysql.cj.CharsetMapping::getStaticJavaEncodingForCollationIndex (33 bytes)
Event: 32.038 Thread 0x000001f5f429b050 nmethod 4689 0x000001f5e0e11610 code [0x000001f5e0e117e0, 0x000001f5e0e119d8]
Event: 32.038 Thread 0x000001f5f429b050 4690       2       com.mysql.cj.MysqlCharset::getMatchingJavaEncoding (39 bytes)
Event: 32.039 Thread 0x000001f5f429b050 nmethod 4690 0x000001f5e1449910 code [0x000001f5e1449ae0, 0x000001f5e1449d78]
Event: 32.039 Thread 0x000001f5f429b050 4692       2       com.mysql.cj.util.LazyString::toString (17 bytes)
Event: 32.039 Thread 0x000001f5f429b050 nmethod 4692 0x000001f5e1449510 code [0x000001f5e14496c0, 0x000001f5e1449828]
Event: 32.039 Thread 0x000001f5f429b050 4691       2       com.mysql.cj.result.Field::adjustFlagsByMysqlType (149 bytes)
Event: 32.039 Thread 0x000001f5f429b050 nmethod 4691 0x000001f5e1449010 code [0x000001f5e14491c0, 0x000001f5e14493f8]
Event: 32.040 Thread 0x000001f5f429b050 4693       1       com.mysql.cj.result.Field::getCollationIndex (5 bytes)
Event: 32.040 Thread 0x000001f5f429b050 nmethod 4693 0x000001f5e83b0a10 code [0x000001f5e83b0ba0, 0x000001f5e83b0c78]
Event: 32.041 Thread 0x000001f5f429b050 4694       1       com.mysql.cj.result.Field::getEncoding (5 bytes)
Event: 32.041 Thread 0x000001f5f429b050 nmethod 4694 0x000001f5e83b0710 code [0x000001f5e83b08a0, 0x000001f5e83b0978]
Event: 32.041 Thread 0x000001f5f429b050 4695       2       com.mysql.cj.jdbc.ConnectionImpl::getProxy (16 bytes)
Event: 32.042 Thread 0x000001f5f429b050 nmethod 4695 0x000001f5e0e11290 code [0x000001f5e0e11420, 0x000001f5e0e11538]
Event: 32.042 Thread 0x000001f5f429b050 4696       2       com.mysql.cj.jdbc.ConnectionImpl::getConnectionMutex (19 bytes)
Event: 32.042 Thread 0x000001f5f429b050 nmethod 4696 0x000001f5e1448c90 code [0x000001f5e1448e20, 0x000001f5e1448f38]
Event: 32.073 Thread 0x000001f5f429b050 4697       2       java.lang.Throwable::<init> (34 bytes)
Event: 32.074 Thread 0x000001f5f429b050 nmethod 4697 0x000001f5e1448710 code [0x000001f5e14488c0, 0x000001f5e1448b88]

GC Heap History (20 events):
Event: 24.130 GC heap before
{Heap before GC invocations=18 (full 0):
 garbage-first heap   total 55296K, used 42929K [0x00000000c1200000, 0x0000000100000000)
  region size 1024K, 32 young (32768K), 3 survivors (3072K)
 Metaspace       used 36294K, committed 36544K, reserved 1081344K
  class space    used 4069K, committed 4160K, reserved 1048576K
}
Event: 24.142 GC heap after
{Heap after GC invocations=19 (full 0):
 garbage-first heap   total 55296K, used 14647K [0x00000000c1200000, 0x0000000100000000)
  region size 1024K, 2 young (2048K), 2 survivors (2048K)
 Metaspace       used 36294K, committed 36544K, reserved 1081344K
  class space    used 4069K, committed 4160K, reserved 1048576K
}
Event: 24.699 GC heap before
{Heap before GC invocations=19 (full 0):
 garbage-first heap   total 55296K, used 43319K [0x00000000c1200000, 0x0000000100000000)
  region size 1024K, 31 young (31744K), 2 survivors (2048K)
 Metaspace       used 37237K, committed 37568K, reserved 1089536K
  class space    used 4189K, committed 4352K, reserved 1048576K
}
Event: 24.705 GC heap after
{Heap after GC invocations=20 (full 0):
 garbage-first heap   total 55296K, used 15060K [0x00000000c1200000, 0x0000000100000000)
  region size 1024K, 3 young (3072K), 3 survivors (3072K)
 Metaspace       used 37237K, committed 37568K, reserved 1089536K
  class space    used 4189K, committed 4352K, reserved 1048576K
}
Event: 26.415 GC heap before
{Heap before GC invocations=20 (full 0):
 garbage-first heap   total 55296K, used 43732K [0x00000000c1200000, 0x0000000100000000)
  region size 1024K, 31 young (31744K), 3 survivors (3072K)
 Metaspace       used 39967K, committed 40192K, reserved 1089536K
  class space    used 4545K, committed 4672K, reserved 1048576K
}
Event: 26.428 GC heap after
{Heap after GC invocations=21 (full 0):
 garbage-first heap   total 55296K, used 15738K [0x00000000c1200000, 0x0000000100000000)
  region size 1024K, 2 young (2048K), 2 survivors (2048K)
 Metaspace       used 39967K, committed 40192K, reserved 1089536K
  class space    used 4545K, committed 4672K, reserved 1048576K
}
Event: 27.983 GC heap before
{Heap before GC invocations=21 (full 0):
 garbage-first heap   total 55296K, used 44410K [0x00000000c1200000, 0x0000000100000000)
  region size 1024K, 30 young (30720K), 2 survivors (2048K)
 Metaspace       used 42608K, committed 42880K, reserved 1089536K
  class space    used 5001K, committed 5120K, reserved 1048576K
}
Event: 27.990 GC heap after
{Heap after GC invocations=22 (full 0):
 garbage-first heap   total 55296K, used 16083K [0x00000000c1200000, 0x0000000100000000)
  region size 1024K, 3 young (3072K), 3 survivors (3072K)
 Metaspace       used 42608K, committed 42880K, reserved 1089536K
  class space    used 5001K, committed 5120K, reserved 1048576K
}
Event: 28.779 GC heap before
{Heap before GC invocations=22 (full 0):
 garbage-first heap   total 55296K, used 43731K [0x00000000c1200000, 0x0000000100000000)
  region size 1024K, 30 young (30720K), 3 survivors (3072K)
 Metaspace       used 45772K, committed 46080K, reserved 1089536K
  class space    used 5423K, committed 5568K, reserved 1048576K
}
Event: 28.787 GC heap after
{Heap after GC invocations=23 (full 0):
 garbage-first heap   total 55296K, used 17299K [0x00000000c1200000, 0x0000000100000000)
  region size 1024K, 4 young (4096K), 4 survivors (4096K)
 Metaspace       used 45772K, committed 46080K, reserved 1089536K
  class space    used 5423K, committed 5568K, reserved 1048576K
}
Event: 29.487 GC heap before
{Heap before GC invocations=23 (full 0):
 garbage-first heap   total 55296K, used 41875K [0x00000000c1200000, 0x0000000100000000)
  region size 1024K, 29 young (29696K), 4 survivors (4096K)
 Metaspace       used 50503K, committed 50880K, reserved 1097728K
  class space    used 6013K, committed 6208K, reserved 1048576K
}
Event: 29.494 GC heap after
{Heap after GC invocations=24 (full 0):
 garbage-first heap   total 55296K, used 18749K [0x00000000c1200000, 0x0000000100000000)
  region size 1024K, 4 young (4096K), 4 survivors (4096K)
 Metaspace       used 50503K, committed 50880K, reserved 1097728K
  class space    used 6013K, committed 6208K, reserved 1048576K
}
Event: 30.079 GC heap before
{Heap before GC invocations=24 (full 0):
 garbage-first heap   total 55296K, used 43325K [0x00000000c1200000, 0x0000000100000000)
  region size 1024K, 28 young (28672K), 4 survivors (4096K)
 Metaspace       used 51818K, committed 52160K, reserved 1097728K
  class space    used 6217K, committed 6400K, reserved 1048576K
}
Event: 30.084 GC heap after
{Heap after GC invocations=25 (full 0):
 garbage-first heap   total 55296K, used 19561K [0x00000000c1200000, 0x0000000100000000)
  region size 1024K, 3 young (3072K), 3 survivors (3072K)
 Metaspace       used 51818K, committed 52160K, reserved 1097728K
  class space    used 6217K, committed 6400K, reserved 1048576K
}
Event: 30.533 GC heap before
{Heap before GC invocations=25 (full 0):
 garbage-first heap   total 55296K, used 43113K [0x00000000c1200000, 0x0000000100000000)
  region size 1024K, 26 young (26624K), 3 survivors (3072K)
 Metaspace       used 53900K, committed 54208K, reserved 1097728K
  class space    used 6484K, committed 6656K, reserved 1048576K
}
Event: 30.538 GC heap after
{Heap after GC invocations=26 (full 0):
 garbage-first heap   total 55296K, used 19997K [0x00000000c1200000, 0x0000000100000000)
  region size 1024K, 2 young (2048K), 2 survivors (2048K)
 Metaspace       used 53900K, committed 54208K, reserved 1097728K
  class space    used 6484K, committed 6656K, reserved 1048576K
}
Event: 31.220 GC heap before
{Heap before GC invocations=26 (full 0):
 garbage-first heap   total 55296K, used 43549K [0x00000000c1200000, 0x0000000100000000)
  region size 1024K, 26 young (26624K), 2 survivors (2048K)
 Metaspace       used 56363K, committed 56704K, reserved 1105920K
  class space    used 6886K, committed 7040K, reserved 1048576K
}
Event: 31.225 GC heap after
{Heap after GC invocations=27 (full 0):
 garbage-first heap   total 55296K, used 20316K [0x00000000c1200000, 0x0000000100000000)
  region size 1024K, 2 young (2048K), 2 survivors (2048K)
 Metaspace       used 56363K, committed 56704K, reserved 1105920K
  class space    used 6886K, committed 7040K, reserved 1048576K
}
Event: 31.803 GC heap before
{Heap before GC invocations=27 (full 0):
 garbage-first heap   total 55296K, used 44892K [0x00000000c1200000, 0x0000000100000000)
  region size 1024K, 26 young (26624K), 2 survivors (2048K)
 Metaspace       used 58620K, committed 59008K, reserved 1105920K
  class space    used 7250K, committed 7424K, reserved 1048576K
}
Event: 31.808 GC heap after
{Heap after GC invocations=28 (full 0):
 garbage-first heap   total 55296K, used 20639K [0x00000000c1200000, 0x0000000100000000)
  region size 1024K, 2 young (2048K), 2 survivors (2048K)
 Metaspace       used 58620K, committed 59008K, reserved 1105920K
  class space    used 7250K, committed 7424K, reserved 1048576K
}

Deoptimization events (20 events):
Event: 32.062 Thread 0x000001f5dd2b5420 Uncommon trap: trap_request=0xffffff97 fr.pc=0x000001f5e831625c relative=0x000000000000011c
Event: 32.062 Thread 0x000001f5dd2b5420 Uncommon trap: reason=unhandled action=none pc=0x000001f5e831625c method=jdk.internal.loader.BuiltinClassLoader.loadClass(Ljava/lang/String;Z)Ljava/lang/Class; @ 19 c2
Event: 32.062 Thread 0x000001f5dd2b5420 DEOPT PACKING pc=0x000001f5e831625c sp=0x000000603e2fcd00
Event: 32.062 Thread 0x000001f5dd2b5420 DEOPT UNPACKING pc=0x000001f5e086d72e sp=0x000000603e2fcc20 mode 2
Event: 32.062 Thread 0x000001f5dd2b5420 DEOPT PACKING pc=0x000001f5e0f424d4 sp=0x000000603e2fcd50
Event: 32.062 Thread 0x000001f5dd2b5420 DEOPT UNPACKING pc=0x000001f5e086dece sp=0x000000603e2fc208 mode 1
Event: 32.062 Thread 0x000001f5dd2b5420 DEOPT PACKING pc=0x000001f5e103d924 sp=0x000000603e2fd770
Event: 32.062 Thread 0x000001f5dd2b5420 DEOPT UNPACKING pc=0x000001f5e086dece sp=0x000000603e2fcc60 mode 1
Event: 32.062 Thread 0x000001f5dd2b5420 Uncommon trap: trap_request=0xffffff97 fr.pc=0x000001f5e831625c relative=0x000000000000011c
Event: 32.062 Thread 0x000001f5dd2b5420 Uncommon trap: reason=unhandled action=none pc=0x000001f5e831625c method=jdk.internal.loader.BuiltinClassLoader.loadClass(Ljava/lang/String;Z)Ljava/lang/Class; @ 19 c2
Event: 32.062 Thread 0x000001f5dd2b5420 DEOPT PACKING pc=0x000001f5e831625c sp=0x000000603e2fcd00
Event: 32.062 Thread 0x000001f5dd2b5420 DEOPT UNPACKING pc=0x000001f5e086d72e sp=0x000000603e2fcc20 mode 2
Event: 32.062 Thread 0x000001f5dd2b5420 DEOPT PACKING pc=0x000001f5e0f424d4 sp=0x000000603e2fcd50
Event: 32.062 Thread 0x000001f5dd2b5420 DEOPT UNPACKING pc=0x000001f5e086dece sp=0x000000603e2fc208 mode 1
Event: 32.063 Thread 0x000001f5dd2b5420 DEOPT PACKING pc=0x000001f5e103d924 sp=0x000000603e2fd770
Event: 32.063 Thread 0x000001f5dd2b5420 DEOPT UNPACKING pc=0x000001f5e086dece sp=0x000000603e2fcc60 mode 1
Event: 32.073 Thread 0x000001f5dd2b5420 DEOPT PACKING pc=0x000001f5e1396d44 sp=0x000000603e2fe2e0
Event: 32.073 Thread 0x000001f5dd2b5420 DEOPT UNPACKING pc=0x000001f5e086dece sp=0x000000603e2fd830 mode 1
Event: 32.073 Thread 0x000001f5dd2b5420 DEOPT PACKING pc=0x000001f5e1519914 sp=0x000000603e2fe3f0
Event: 32.073 Thread 0x000001f5dd2b5420 DEOPT UNPACKING pc=0x000001f5e086dece sp=0x000000603e2fd8b0 mode 1

Classes unloaded (0 events):
No events

Classes redefined (0 events):
No events

Internal exceptions (20 events):
Event: 23.020 Thread 0x000001f5dd2b5420 Exception <a 'java/lang/NoSuchMethodError'{0x00000000c3110418}: 'void java.lang.invoke.DirectMethodHandle$Holder.invokeInterface(java.lang.Object, java.lang.Object, int)'> (0x00000000c3110418) 
thrown [t:\workspace\open\src\hotspot\share\interpreter\linkResolver.cpp, line 790]
Event: 23.026 Thread 0x000001f5dd2b5420 Exception <a 'java/lang/NoSuchMethodError'{0x00000000c312b438}: 'int java.lang.invoke.DirectMethodHandle$Holder.invokeVirtual(java.lang.Object, java.lang.Object)'> (0x00000000c312b438) 
thrown [t:\workspace\open\src\hotspot\share\interpreter\linkResolver.cpp, line 790]
Event: 23.037 Thread 0x000001f5dd2b5420 Exception <a 'java/lang/IncompatibleClassChangeError'{0x00000000c3166a20}: Found class java.lang.Object, but interface was expected> (0x00000000c3166a20) 
thrown [t:\workspace\open\src\hotspot\share\interpreter\linkResolver.cpp, line 857]
Event: 23.038 Thread 0x000001f5dd2b5420 Exception <a 'java/lang/NoSuchMethodError'{0x00000000c316c138}: 'void java.lang.invoke.DirectMethodHandle$Holder.invokeStatic(java.lang.Object, int, java.lang.Object)'> (0x00000000c316c138) 
thrown [t:\workspace\open\src\hotspot\share\interpreter\linkResolver.cpp, line 790]
Event: 23.044 Thread 0x000001f5dd2b5420 Exception <a 'java/lang/NoSuchMethodError'{0x00000000c319bc70}: 'int java.lang.invoke.DirectMethodHandle$Holder.invokeSpecial(java.lang.Object, java.lang.Object, int)'> (0x00000000c319bc70) 
thrown [t:\workspace\open\src\hotspot\share\interpreter\linkResolver.cpp, line 790]
Event: 23.341 Thread 0x000001f5dd2b5420 Exception <a 'java/lang/NoSuchMethodError'{0x00000000c2b2c1c8}: 'java.lang.Object java.lang.invoke.DirectMethodHandle$Holder.invokeStaticInit(java.lang.Object, int, int, int, int)'> (0x00000000c2b2c1c8) 
thrown [t:\workspace\open\src\hotspot\share\interpreter\linkResolver.cpp, line 790]
Event: 23.434 Thread 0x000001f5dd2b5420 Exception <a 'java/lang/NoSuchMethodError'{0x00000000c2b7fd08}: 'java.lang.Object java.lang.invoke.DirectMethodHandle$Holder.invokeStaticInit(java.lang.Object, java.lang.Object, int, int, int, int)'> (0x00000000c2b7fd08) 
thrown [t:\workspace\open\src\hotspot\share\interpreter\linkResolver.cpp, line 790]
Event: 24.083 Thread 0x000001f5dd2b5420 Implicit null exception at 0x000001f5e848de1c to 0x000001f5e848f844
Event: 24.441 Thread 0x000001f5dd2b5420 Exception <a 'java/io/FileNotFoundException'{0x00000000c319a690}> (0x00000000c319a690) 
thrown [t:\workspace\open\src\hotspot\share\prims\jni.cpp, line 579]
Event: 24.533 Thread 0x000001f5dd2b5420 Exception <a 'java/lang/NoSuchMethodError'{0x00000000c2ea1658}: 'int java.lang.invoke.DirectMethodHandle$Holder.invokeInterface(java.lang.Object, java.lang.Object, java.lang.Object, java.lang.Object)'> (0x00000000c2ea1658) 
thrown [t:\workspace\open\src\hotspot\share\interpreter\linkResolver.cpp, line 790]
Event: 24.715 Thread 0x000001f5dd2b5420 Exception <a 'java/lang/NoSuchMethodError'{0x00000000c6557858}: 'long java.lang.invoke.DirectMethodHandle$Holder.invokeVirtual(java.lang.Object, java.lang.Object)'> (0x00000000c6557858) 
thrown [t:\workspace\open\src\hotspot\share\interpreter\linkResolver.cpp, line 790]
Event: 24.726 Thread 0x000001f5dd2b5420 Exception <a 'java/io/FileNotFoundException'{0x00000000c65cbb68}> (0x00000000c65cbb68) 
thrown [t:\workspace\open\src\hotspot\share\prims\jni.cpp, line 579]
Event: 25.334 Thread 0x000001f5dd2b5420 Implicit null exception at 0x000001f5e849f61b to 0x000001f5e849fc54
Event: 28.940 Thread 0x000001f5dd2b5420 Exception <a 'sun/nio/fs/WindowsException'{0x00000000c3edf170}> (0x00000000c3edf170) 
thrown [t:\workspace\open\src\hotspot\share\prims\jni.cpp, line 579]
Event: 28.956 Thread 0x000001f5dd2b5420 Exception <a 'java/lang/NoSuchMethodError'{0x00000000c3d22f58}: 'int java.lang.invoke.DirectMethodHandle$Holder.invokeStaticInit(java.lang.Object, java.lang.Object, java.lang.Object, java.lang.Object)'> (0x00000000c3d22f58) 
thrown [t:\workspace\open\src\hotspot\share\interpreter\linkResolver.cpp, line 790]
Event: 29.782 Thread 0x000001f5dd2b5420 Exception <a 'java/lang/NoSuchMethodError'{0x00000000c3babd60}: 'java.lang.Object java.lang.invoke.DirectMethodHandle$Holder.invokeStaticInit(java.lang.Object, java.lang.Object, java.lang.Object, java.lang.Object)'> (0x00000000c3babd60) 
thrown [t:\workspace\open\src\hotspot\share\interpreter\linkResolver.cpp, line 790]
Event: 30.444 Thread 0x000001f5dd2b5420 Exception <a 'java/lang/NoSuchMethodError'{0x00000000c34f8be0}: 'java.lang.Object java.lang.invoke.DirectMethodHandle$Holder.newInvokeSpecial(java.lang.Object, java.lang.Object, int, java.lang.Object, java.lang.Object)'> (0x00000000c34f8be0) 
thrown [t:\workspace\open\src\hotspot\share\interpreter\linkResolver.cpp, line 790]
Event: 31.509 Thread 0x000001f5dd2b5420 Exception <a 'java/lang/NoSuchMethodError'{0x00000000c3de39b0}: 'void java.lang.invoke.DirectMethodHandle$Holder.invokeInterface(java.lang.Object, java.lang.Object)'> (0x00000000c3de39b0) 
thrown [t:\workspace\open\src\hotspot\share\interpreter\linkResolver.cpp, line 790]
Event: 31.513 Thread 0x000001f5dd2b5420 Exception <a 'java/lang/NoSuchMethodError'{0x00000000c3c30338}: 'int java.lang.invoke.DirectMethodHandle$Holder.invokeStatic(java.lang.Object, java.lang.Object, int)'> (0x00000000c3c30338) 
thrown [t:\workspace\open\src\hotspot\share\interpreter\linkResolver.cpp, line 790]
Event: 31.562 Thread 0x000001f5dd2b5420 Exception <a 'java/lang/NoSuchMethodError'{0x00000000c3ba60c8}: 'java.lang.Object java.lang.invoke.DirectMethodHandle$Holder.invokeStaticInit(java.lang.Object, java.lang.Object, java.lang.Object, java.lang.Object, int, int)'> (0x00000000c3ba60c8) 
thrown [t:\workspace\open\src\hotspot\share\interpreter\linkResolver.cpp, line 790]

Events (20 events):
Event: 31.592 loading class java/io/ObjectInputStream$GetField done
Event: 31.592 loading class java/io/ObjectInputValidation
Event: 31.592 loading class java/io/ObjectInputValidation done
Event: 31.592 loading class java/io/NotActiveException
Event: 31.592 loading class java/io/NotActiveException done
Event: 31.592 loading class java/io/ObjectInputFilter
Event: 31.592 loading class java/io/ObjectInputFilter done
Event: 31.593 loading class java/io/ObjectInputFilter$FilterInfo
Event: 31.593 loading class java/io/ObjectInputFilter$FilterInfo done
Event: 31.593 loading class java/io/ObjectInputFilter$Status
Event: 31.593 loading class java/io/ObjectInputFilter$Status done
Event: 31.803 Executing  VM operation: G1CollectForAllocation
Event: 31.808 Executing  VM operation: G1CollectForAllocation done
Event: 31.810 loading class java/util/TimerTask
Event: 31.810 loading class java/util/TimerTask done
Event: 32.066 loading class javax/naming/Reference
Event: 32.066 loading class javax/naming/Reference done
Event: 32.072 loading class jdk/internal/reflect/UnsafeObjectFieldAccessorImpl
Event: 32.072 loading class jdk/internal/reflect/UnsafeObjectFieldAccessorImpl done
Event: 32.185 Executing  VM operation: ChangeBreakpoints


Dynamic libraries:
0x00007ff7d8e60000 - 0x00007ff7d8e6e000 	D:\eclipse-jee-2021-06-R-win32-x86_64\eclipse\plugins\org.eclipse.justj.openjdk.hotspot.jre.full.win32.x86_64_16.0.1.v20210528-1205\jre\bin\javaw.exe
0x00007ff90a5f0000 - 0x00007ff90a7e8000 	C:\Windows\SYSTEM32\ntdll.dll
0x00007ff90a250000 - 0x00007ff90a30f000 	C:\Windows\System32\KERNEL32.DLL
0x00007ff908010000 - 0x00007ff9082e2000 	C:\Windows\System32\KERNELBASE.dll
0x00007ff908540000 - 0x00007ff908640000 	C:\Windows\System32\ucrtbase.dll
0x00007ff8ef590000 - 0x00007ff8ef5a8000 	D:\eclipse-jee-2021-06-R-win32-x86_64\eclipse\plugins\org.eclipse.justj.openjdk.hotspot.jre.full.win32.x86_64_16.0.1.v20210528-1205\jre\bin\jli.dll
0x00007ff908ea0000 - 0x00007ff90903d000 	C:\Windows\System32\USER32.dll
0x00007ff908510000 - 0x00007ff908532000 	C:\Windows\System32\win32u.dll
0x00007ff908a00000 - 0x00007ff908a2b000 	C:\Windows\System32\GDI32.dll
0x00007ff908400000 - 0x00007ff90850f000 	C:\Windows\System32\gdi32full.dll
0x00007ff907cf0000 - 0x00007ff907d8d000 	C:\Windows\System32\msvcp_win.dll
0x00007ff8fb430000 - 0x00007ff8fb449000 	D:\eclipse-jee-2021-06-R-win32-x86_64\eclipse\plugins\org.eclipse.justj.openjdk.hotspot.jre.full.win32.x86_64_16.0.1.v20210528-1205\jre\bin\VCRUNTIME140.dll
0x00007ff8f2f20000 - 0x00007ff8f31ba000 	C:\Windows\WinSxS\amd64_microsoft.windows.common-controls_6595b64144ccf1df_6.0.19041.1110_none_60b5254171f9507e\COMCTL32.dll
0x00007ff909050000 - 0x00007ff9090ee000 	C:\Windows\System32\msvcrt.dll
0x00007ff9089c0000 - 0x00007ff9089f2000 	C:\Windows\System32\IMM32.DLL
0x00007ff9044a0000 - 0x00007ff9044ac000 	D:\eclipse-jee-2021-06-R-win32-x86_64\eclipse\plugins\org.eclipse.justj.openjdk.hotspot.jre.full.win32.x86_64_16.0.1.v20210528-1205\jre\bin\vcruntime140_1.dll
0x00007ff8eb770000 - 0x00007ff8eb801000 	D:\eclipse-jee-2021-06-R-win32-x86_64\eclipse\plugins\org.eclipse.justj.openjdk.hotspot.jre.full.win32.x86_64_16.0.1.v20210528-1205\jre\bin\msvcp140.dll
0x00007ff8c1840000 - 0x00007ff8c23eb000 	D:\eclipse-jee-2021-06-R-win32-x86_64\eclipse\plugins\org.eclipse.justj.openjdk.hotspot.jre.full.win32.x86_64_16.0.1.v20210528-1205\jre\bin\server\jvm.dll
0x00007ff9086a0000 - 0x00007ff90874e000 	C:\Windows\System32\ADVAPI32.dll
0x00007ff90a4b0000 - 0x00007ff90a54c000 	C:\Windows\System32\sechost.dll
0x00007ff9099d0000 - 0x00007ff909af5000 	C:\Windows\System32\RPCRT4.dll
0x00007ff908900000 - 0x00007ff908908000 	C:\Windows\System32\PSAPI.DLL
0x00007ff8f94d0000 - 0x00007ff8f94d9000 	C:\Windows\SYSTEM32\WSOCK32.dll
0x00007ff90a440000 - 0x00007ff90a4ab000 	C:\Windows\System32\WS2_32.dll
0x00007ff8f3690000 - 0x00007ff8f36b7000 	C:\Windows\SYSTEM32\WINMM.dll
0x00007ff8f63b0000 - 0x00007ff8f63ba000 	C:\Windows\SYSTEM32\VERSION.dll
0x00007ff905bb0000 - 0x00007ff905bc2000 	C:\Windows\SYSTEM32\kernel.appcore.dll
0x00007ff8fb3c0000 - 0x00007ff8fb3ca000 	D:\eclipse-jee-2021-06-R-win32-x86_64\eclipse\plugins\org.eclipse.justj.openjdk.hotspot.jre.full.win32.x86_64_16.0.1.v20210528-1205\jre\bin\jimage.dll
0x00007ff8f6a60000 - 0x00007ff8f6c44000 	C:\Windows\SYSTEM32\DBGHELP.DLL
0x00007ff8f65b0000 - 0x00007ff8f65dc000 	C:\Windows\SYSTEM32\dbgcore.DLL
0x00007ff9082f0000 - 0x00007ff908372000 	C:\Windows\System32\bcryptPrimitives.dll
0x00007ff8d2f70000 - 0x00007ff8d2fab000 	D:\eclipse-jee-2021-06-R-win32-x86_64\eclipse\plugins\org.eclipse.justj.openjdk.hotspot.jre.full.win32.x86_64_16.0.1.v20210528-1205\jre\bin\jdwp.dll
0x00007ff8ee590000 - 0x00007ff8ee59e000 	D:\eclipse-jee-2021-06-R-win32-x86_64\eclipse\plugins\org.eclipse.justj.openjdk.hotspot.jre.full.win32.x86_64_16.0.1.v20210528-1205\jre\bin\instrument.dll
0x00007ff8de820000 - 0x00007ff8de845000 	D:\eclipse-jee-2021-06-R-win32-x86_64\eclipse\plugins\org.eclipse.justj.openjdk.hotspot.jre.full.win32.x86_64_16.0.1.v20210528-1205\jre\bin\java.dll
0x00007ff8e9780000 - 0x00007ff8e9798000 	D:\eclipse-jee-2021-06-R-win32-x86_64\eclipse\plugins\org.eclipse.justj.openjdk.hotspot.jre.full.win32.x86_64_16.0.1.v20210528-1205\jre\bin\zip.dll
0x00007ff909b00000 - 0x00007ff90a243000 	C:\Windows\System32\SHELL32.dll
0x00007ff905db0000 - 0x00007ff906542000 	C:\Windows\SYSTEM32\windows.storage.dll
0x00007ff909110000 - 0x00007ff909464000 	C:\Windows\System32\combase.dll
0x00007ff907670000 - 0x00007ff9076a0000 	C:\Windows\SYSTEM32\Wldp.dll
0x00007ff908910000 - 0x00007ff9089bd000 	C:\Windows\System32\SHCORE.dll
0x00007ff908d70000 - 0x00007ff908dc5000 	C:\Windows\System32\shlwapi.dll
0x00007ff907c30000 - 0x00007ff907c4f000 	C:\Windows\SYSTEM32\profapi.dll
0x00007ff8ee580000 - 0x00007ff8ee58c000 	D:\eclipse-jee-2021-06-R-win32-x86_64\eclipse\plugins\org.eclipse.justj.openjdk.hotspot.jre.full.win32.x86_64_16.0.1.v20210528-1205\jre\bin\dt_socket.dll
0x00007ff9070c0000 - 0x00007ff9070fb000 	C:\Windows\SYSTEM32\IPHLPAPI.DLL
0x00007ff9073d0000 - 0x00007ff90743a000 	C:\Windows\system32\mswsock.dll
0x00007ff907100000 - 0x00007ff9071ca000 	C:\Windows\SYSTEM32\DNSAPI.dll
0x00007ff909040000 - 0x00007ff909048000 	C:\Windows\System32\NSI.dll
0x00007ff8fb6a0000 - 0x00007ff8fb6aa000 	C:\Windows\System32\rasadhlp.dll
0x00007ff8fb940000 - 0x00007ff8fb9c0000 	C:\Windows\System32\fwpuclnt.dll
0x00007ff908380000 - 0x00007ff9083a7000 	C:\Windows\System32\bcrypt.dll
0x00007ff8e6cf0000 - 0x00007ff8e6d09000 	D:\eclipse-jee-2021-06-R-win32-x86_64\eclipse\plugins\org.eclipse.justj.openjdk.hotspot.jre.full.win32.x86_64_16.0.1.v20210528-1205\jre\bin\net.dll
0x00007ff8fb720000 - 0x00007ff8fb82c000 	C:\Windows\SYSTEM32\WINHTTP.dll
0x00007ff8e5a30000 - 0x00007ff8e5a43000 	D:\eclipse-jee-2021-06-R-win32-x86_64\eclipse\plugins\org.eclipse.justj.openjdk.hotspot.jre.full.win32.x86_64_16.0.1.v20210528-1205\jre\bin\nio.dll
0x00007ff8fb3b0000 - 0x00007ff8fb3c0000 	D:\eclipse-jee-2021-06-R-win32-x86_64\eclipse\plugins\org.eclipse.justj.openjdk.hotspot.jre.full.win32.x86_64_16.0.1.v20210528-1205\jre\bin\verify.dll
0x00007ff8f5890000 - 0x00007ff8f5899000 	D:\eclipse-jee-2021-06-R-win32-x86_64\eclipse\plugins\org.eclipse.justj.openjdk.hotspot.jre.full.win32.x86_64_16.0.1.v20210528-1205\jre\bin\management.dll
0x00007ff8f48d0000 - 0x00007ff8f48db000 	D:\eclipse-jee-2021-06-R-win32-x86_64\eclipse\plugins\org.eclipse.justj.openjdk.hotspot.jre.full.win32.x86_64_16.0.1.v20210528-1205\jre\bin\management_ext.dll
0x00007ff8f24e0000 - 0x00007ff8f24f7000 	C:\Windows\system32\napinsp.dll
0x00007ff8f24c0000 - 0x00007ff8f24db000 	C:\Windows\system32\pnrpnsp.dll
0x00007ff8f24a0000 - 0x00007ff8f24b5000 	C:\Windows\system32\wshbth.dll
0x00007ff903680000 - 0x00007ff90369d000 	C:\Windows\system32\NLAapi.dll
0x00007ff8f2390000 - 0x00007ff8f23a2000 	C:\Windows\System32\winrnr.dll
0x00007ff9075c0000 - 0x00007ff9075d8000 	C:\Windows\SYSTEM32\CRYPTSP.dll
0x00007ff906cf0000 - 0x00007ff906d24000 	C:\Windows\system32\rsaenh.dll
0x00007ff907bf0000 - 0x00007ff907c1e000 	C:\Windows\SYSTEM32\USERENV.dll
0x00007ff9075e0000 - 0x00007ff9075ec000 	C:\Windows\SYSTEM32\CRYPTBASE.dll
0x00007ff8fbe10000 - 0x00007ff8fbe27000 	C:\Windows\SYSTEM32\dhcpcsvc6.DLL
0x00007ff8fbee0000 - 0x00007ff8fbefd000 	C:\Windows\SYSTEM32\dhcpcsvc.DLL
0x00007ff8f2d70000 - 0x00007ff8f2d7e000 	D:\eclipse-jee-2021-06-R-win32-x86_64\eclipse\plugins\org.eclipse.justj.openjdk.hotspot.jre.full.win32.x86_64_16.0.1.v20210528-1205\jre\bin\sunmscapi.dll
0x00007ff907d90000 - 0x00007ff907ee6000 	C:\Windows\System32\CRYPT32.dll
0x00007ff9076e0000 - 0x00007ff907707000 	C:\Windows\SYSTEM32\ncrypt.dll
0x00007ff9076a0000 - 0x00007ff9076db000 	C:\Windows\SYSTEM32\NTASN1.dll

dbghelp: loaded successfully - version: 4.0.5 - missing functions: none
symbol engine: initialized successfully - sym options: 0x614 - pdb path: .;D:\eclipse-jee-2021-06-R-win32-x86_64\eclipse\plugins\org.eclipse.justj.openjdk.hotspot.jre.full.win32.x86_64_16.0.1.v20210528-1205\jre\bin;C:\Windows\SYSTEM32;C:\Windows\WinSxS\amd64_microsoft.windows.common-controls_6595b64144ccf1df_6.0.19041.1110_none_60b5254171f9507e;D:\eclipse-jee-2021-06-R-win32-x86_64\eclipse\plugins\org.eclipse.justj.openjdk.hotspot.jre.full.win32.x86_64_16.0.1.v20210528-1205\jre\bin\server

VM Arguments:
jvm_args: -XX:+ShowCodeDetailsInExceptionMessages -agentlib:jdwp=transport=dt_socket,suspend=y,address=localhost:59740 -javaagent:D:\eclipse-jee-2021-06-R-win32-x86_64\eclipse\configuration\org.eclipse.osgi\415\0\.cp\lib\javaagent-shaded.jar -Dfile.encoding=UTF-8 
java_command: com.example.demo.DemoApplication
java_class_path (initial): D:\eclipse-jee-2021-06-R-win32-x86_64\Workspace\demo\target\classes;C:\Users\91882\.m2\repository\org\springframework\boot\spring-boot-starter-data-jpa\2.7.5\spring-boot-starter-data-jpa-2.7.5.jar;C:\Users\91882\.m2\repository\org\springframework\boot\spring-boot-starter-aop\2.7.5\spring-boot-starter-aop-2.7.5.jar;C:\Users\91882\.m2\repository\org\springframework\spring-aop\5.3.23\spring-aop-5.3.23.jar;C:\Users\91882\.m2\repository\org\aspectj\aspectjweaver\1.9.7\aspectjweaver-1.9.7.jar;C:\Users\91882\.m2\repository\org\springframework\boot\spring-boot-starter-jdbc\2.7.5\spring-boot-starter-jdbc-2.7.5.jar;C:\Users\91882\.m2\repository\com\zaxxer\HikariCP\4.0.3\HikariCP-4.0.3.jar;C:\Users\91882\.m2\repository\org\springframework\spring-jdbc\5.3.23\spring-jdbc-5.3.23.jar;C:\Users\91882\.m2\repository\jakarta\transaction\jakarta.transaction-api\1.3.3\jakarta.transaction-api-1.3.3.jar;C:\Users\91882\.m2\repository\jakarta\persistence\jakarta.persistence-api\2.2.3\jakarta.persistence-api-2.2.3.jar;C:\Users\91882\.m2\repository\org\hibernate\hibernate-core\5.6.12.Final\hibernate-core-5.6.12.Final.jar;C:\Users\91882\.m2\repository\org\jboss\logging\jboss-logging\3.4.3.Final\jboss-logging-3.4.3.Final.jar;C:\Users\91882\.m2\repository\net\bytebuddy\byte-buddy\1.12.18\byte-buddy-1.12.18.jar;C:\Users\91882\.m2\repository\antlr\antlr\2.7.7\antlr-2.7.7.jar;C:\Users\91882\.m2\repository\org\jboss\jandex\2.4.2.Final\jandex-2.4.2.Final.jar;C:\Users\91882\.m2\repository\com\fasterxml\classmate\1.5.1\classmate-1.5.1.jar;C:\Users\91882\.m2\repository\org\hibernate\common\hibernate-commons-annotations\5.1.2.Final\hibernate-commons-annotations-5.1.2.Final.jar;C:\Users\91882\.m2\repository\org\glassfish\jaxb\jaxb-runtime\2.3.7\jaxb-runtime-2.3.7.jar;C:\Users\91882\.m2\repository\org\glassfish\jaxb\txw2\2.3.7\txw2-2.3.7.jar;C:\Users\91882\.m2\repository\com\sun\istack\istack-commons-runtime\3.0.12\istack-commons-runtime-3.0.12.jar;C:\Users\91882\.m2\repository
Launcher Type: SUN_STANDARD

[Global flags]
     intx CICompilerCount                          = 3                                         {product} {ergonomic}
     uint ConcGCThreads                            = 1                                         {product} {ergonomic}
     uint G1ConcRefinementThreads                  = 4                                         {product} {ergonomic}
   size_t G1HeapRegionSize                         = 1048576                                   {product} {ergonomic}
    uintx GCDrainStackTargetSize                   = 64                                        {product} {ergonomic}
   size_t InitialHeapSize                          = 67108864                                  {product} {ergonomic}
   size_t MarkStackSize                            = 4194304                                   {product} {ergonomic}
   size_t MaxHeapSize                              = 1054867456                                {product} {ergonomic}
   size_t MaxNewSize                               = 632291328                                 {product} {ergonomic}
   size_t MinHeapDeltaBytes                        = 1048576                                   {product} {ergonomic}
   size_t MinHeapSize                              = 8388608                                   {product} {ergonomic}
    uintx NonNMethodCodeHeapSize                   = 5832780                                {pd product} {ergonomic}
    uintx NonProfiledCodeHeapSize                  = 122912730                              {pd product} {ergonomic}
    uintx ProfiledCodeHeapSize                     = 122912730                              {pd product} {ergonomic}
    uintx ReservedCodeCacheSize                    = 251658240                              {pd product} {ergonomic}
     bool SegmentedCodeCache                       = true                                      {product} {ergonomic}
     bool ShowCodeDetailsInExceptionMessages       = true                                   {manageable} {command line}
   size_t SoftMaxHeapSize                          = 1054867456                             {manageable} {ergonomic}
     bool UseCompressedClassPointers               = true                           {product lp64_product} {ergonomic}
     bool UseCompressedOops                        = true                           {product lp64_product} {ergonomic}
     bool UseG1GC                                  = true                                      {product} {ergonomic}
     bool UseLargePagesIndividualAllocation        = false                                  {pd product} {ergonomic}

Logging:
Log output configuration:
 #0: stdout all=warning uptime,level,tags
 #1: stderr all=off uptime,level,tags

Environment Variables:
JAVA_HOME=C:\Program Files\Java\jdk1.8.0_202
PATH=D:\eclipse-jee-2021-06-R-win32-x86_64\eclipse\plugins\org.eclipse.justj.openjdk.hotspot.jre.full.win32.x86_64_16.0.1.v20210528-1205\jre\bin;D:/eclipse-jee-2021-06-R-win32-x86_64/eclipse//plugins/org.eclipse.justj.openjdk.hotspot.jre.full.win32.x86_64_16.0.1.v20210528-1205/jre/bin/server;D:/eclipse-jee-2021-06-R-win32-x86_64/eclipse//plugins/org.eclipse.justj.openjdk.hotspot.jre.full.win32.x86_64_16.0.1.v20210528-1205/jre/bin;C:\Program Files\Java\jdk1.8.0_202\bin;C:\Windows\system32;C:\Program Files (x86)\Common Files\Oracle\Java\javapath;C:\Windows;C:\Windows\System32\Wbem;C:\Windows\System32\WindowsPowerShell\v1.0\;C:\Windows\System32\OpenSSH\;C:\apache-maven-3.8.5\bin;C:\Program Files\Git\cmd;C:\Program Files\TortoiseGit\bin;C:\Program Files\MySQL\MySQL Shell 8.0\bin\;C:\Users\91882\AppData\Local\Microsoft\WindowsApps;;D:\eclipse-jee-2021-06-R-win32-x86_64\eclipse;
USERNAME=91882
OS=Windows_NT
PROCESSOR_IDENTIFIER=Intel64 Family 6 Model 61 Stepping 4, GenuineIntel



---------------  S Y S T E M  ---------------

OS:
 Windows 10 , 64 bit Build 19041 (10.0.19041.2251)
OS uptime: 2 days 23:49 hours

CPU: total 4 (initial active 4) (2 cores per cpu, 2 threads per core) family 6 model 61 stepping 4 microcode 0x2d, cx8, cmov, fxsr, ht, mmx, 3dnowpref, sse, sse2, sse3, ssse3, sse4.1, sse4.2, popcnt, lzcnt, tsc, tscinvbit, avx, avx2, aes, erms, clmul, bmi1, bmi2, adx, fma, vzeroupper, clflush

Memory: 4k page, system-wide physical 4016M (323M free)
TotalPageFile size 8624M (AvailPageFile size 1436M)
current process WorkingSet (physical memory assigned to process): 229M, peak: 239M
current process commit charge ("private bytes"): 251M, peak: 260M

vm_info: OpenJDK 64-Bit Server VM (16.0.1+9-24) for windows-amd64 JRE (16.0.1+9-24), built on Mar 26 2021 19:30:07 by "mach5one" with MS VC++ 16.7 (VS2019)

END.
